<?xml version="1.0" encoding="UTF-8"?>
<testng-results skipped="0" failed="0" ignored="0" total="1" passed="1">
  <reporter-output>
  </reporter-output>
  <suite name="Default suite" duration-ms="10772" started-at="2022-11-27T21:28:23 EST" finished-at="2022-11-27T21:28:34 EST">
    <groups>
    </groups>
    <test name="Default test" duration-ms="10772" started-at="2022-11-27T21:28:23 EST" finished-at="2022-11-27T21:28:34 EST">
      <class name="postfreeadd.PostFreeAddTest">
        <test-method status="PASS" signature="before()[pri:0, instance:postfreeadd.PostFreeAddTest@1990a65e]" name="before" is-config="true" duration-ms="10033" started-at="2022-11-27T21:28:23 EST" finished-at="2022-11-27T21:28:33 EST">
          <reporter-output>
          </reporter-output>
        </test-method> <!-- before -->
        <test-method status="PASS" signature="helloWord()[pri:0, instance:postfreeadd.PostFreeAddTest@1990a65e]" name="helloWord" duration-ms="10" started-at="2022-11-27T21:28:33 EST" finished-at="2022-11-27T21:28:33 EST">
          <reporter-output>
          </reporter-output>
        </test-method> <!-- helloWord -->
        <test-method status="PASS" signature="after()[pri:0, instance:postfreeadd.PostFreeAddTest@1990a65e]" name="after" is-config="true" duration-ms="687" started-at="2022-11-27T21:28:33 EST" finished-at="2022-11-27T21:28:34 EST">
          <reporter-output>
          </reporter-output>
        </test-method> <!-- after -->
      </class> <!-- postfreeadd.PostFreeAddTest -->
    </test> <!-- Default test -->
  </suite> <!-- Default suite -->
</testng-results>
